<testsuites id="" name="" tests="27" failures="6" skipped="3" errors="0" time="24.359343999999997">
<testsuite name="smoke.spec.ts" timestamp="2025-08-29T01:37:49.172Z" hostname="chromium" tests="9" failures="2" skipped="1" time="27.1" errors="0">
<testcase name="Smoke Tests › homepage loads successfully" classname="smoke.spec.ts" time="1.549">
<properties>
<property name="info" value="Starting homepage load test">
</property>
<property name="info" value="Starting step: Navigate to homepage">
</property>
<property name="info" value="Page load time for / - {&quot;loadTime&quot;:1359}">
</property>
<property name="info" value="Step completed: Navigate to homepage - {&quot;duration&quot;:1372}">
</property>
<property name="info" value="Starting step: Verify main navigation elements">
</property>
<property name="info" value="Step completed: Verify main navigation elements - {&quot;duration&quot;:6}">
</property>
<property name="info" value="Homepage test completed successfully - {&quot;total&quot;:2,&quot;passed&quot;:2,&quot;failed&quot;:0,&quot;totalDuration&quot;:1378,&quot;steps&quot;:[{&quot;name&quot;:&quot;Navigate to homepage&quot;,&quot;status&quot;:&quot;passed&quot;,&quot;duration&quot;:1372},{&quot;name&quot;:&quot;Verify main navigation elements&quot;,&quot;status&quot;:&quot;passed&quot;,&quot;duration&quot;:6}]}">
</property>
</properties>
<system-out>
<![CDATA[[2025-08-29T01:37:49.801Z] [INFO] Starting homepage load test
[2025-08-29T01:37:49.807Z] [INFO] Starting step: Navigate to homepage
[2025-08-29T01:37:51.167Z] [INFO] Page load time for /
{
  "loadTime": 1359
}
[2025-08-29T01:37:51.179Z] [INFO] Step completed: Navigate to homepage
{
  "duration": 1372
}
[2025-08-29T01:37:51.180Z] [INFO] Starting step: Verify main navigation elements
[2025-08-29T01:37:51.186Z] [INFO] Step completed: Verify main navigation elements
{
  "duration": 6
}
[2025-08-29T01:37:51.186Z] [INFO] Homepage test completed successfully
{
  "total": 2,
  "passed": 2,
  "failed": 0,
  "totalDuration": 1378,
  "steps": [
    {
      "name": "Navigate to homepage",
      "status": "passed",
      "duration": 1372
    },
    {
      "name": "Verify main navigation elements",
      "status": "passed",
      "duration": 6
    }
  ]
}
]]>
</system-out>
</testcase>
<testcase name="Smoke Tests › authentication page is accessible" classname="smoke.spec.ts" time="3.546">
</testcase>
<testcase name="Smoke Tests › API health endpoint responds" classname="smoke.spec.ts" time="0.006">
<properties>
<property name="skip" value="API_BASE_URL not configured">
</property>
</properties>
<skipped>
</skipped>
</testcase>
<testcase name="Smoke Tests › static assets load correctly" classname="smoke.spec.ts" time="1.522">
</testcase>
<testcase name="Smoke Tests › CSF grid page loads without errors" classname="smoke.spec.ts" time="2.216">
<properties>
[...]
</properties>
<failure message="smoke.spec.ts:100:7 CSF grid page loads without errors" type="FAILURE">
<![CDATA[  [chromium] › smoke.spec.ts:100:7 › Smoke Tests › CSF grid page loads without errors ──────────────

    Error: expect(received).toContain(expected) // indexOf

    Expected substring: "/assessment"
    Received string:    "http://localhost:3000/signin"

      119 |         
      120 |         // Should not result in 404 or server error
    > 121 |         expect(page.url()).toContain('/assessment');
          |                            ^
      122 |       });
      123 |       
      124 |       await stepTracker.executeStep('Verify CSF grid renders', async () => {
        at /Users/svvval/Documents/AI-Enable-Cyber-Maturity-Assessment-2/web/e2e/tests/smoke.spec.ts:121:28
        at TestStepTracker.executeStep (/Users/svvval/Documents/AI-Enable-Cyber-Maturity-Assessment-2/web/e2e/test-utils.ts:87:22)
        at /Users/svvval/Documents/AI-Enable-Cyber-Maturity-Assessment-2/web/e2e/tests/smoke.spec.ts:107:7

    attachment #1: screenshot (image/png) ──────────────────────────────────────────────────────────
    ../test-results/smoke-Smoke-Tests-CSF-grid-page-loads-without-errors-chromium/test-failed-1.png
    ────────────────────────────────────────────────────────────────────────────────────────────────

    attachment #2: video (video/webm) ──────────────────────────────────────────────────────────────
    ../test-results/smoke-Smoke-Tests-CSF-grid-page-loads-without-errors-chromium/video.webm
    ────────────────────────────────────────────────────────────────────────────────────────────────

    Error Context: ../test-results/smoke-Smoke-Tests-CSF-grid-page-loads-without-errors-chromium/error-context.md
]]>
</failure>
<system-out>
<![CDATA[[2025-08-29T01:37:49.799Z] [INFO] Testing CSF grid page basic functionality
[2025-08-29T01:37:49.808Z] [INFO] Starting step: Navigate to CSF assessment page
[2025-08-29T01:37:51.781Z] [ERROR] Step failed: Navigate to CSF assessment page
{
  "duration": 1973,
  "error": "\u001b[2mexpect(\u001b[22m\u001b[31mreceived\u001b[39m\u001b[2m).\u001b[22mtoContain\u001b[2m(\u001b[22m\u001b[32mexpected\u001b[39m\u001b[2m) // indexOf\u001b[22m\n\nExpected substring: \u001b[32m\"/assessment\"\u001b[39m\nReceived string:    \u001b[31m\"http://localhost:3000/signin\"\u001b[39m"
}
[2025-08-29T01:37:51.782Z] [ERROR] Capturing error context
{
  "error": "\u001b[2mexpect(\u001b[22m\u001b[31mreceived\u001b[39m\u001b[2m).\u001b[22mtoContain\u001b[2m(\u001b[22m\u001b[32mexpected\u001b[39m\u001b[2m) // indexOf\u001b[22m\n\nExpected substring: \u001b[32m\"/assessment\"\u001b[39m\nReceived string:    \u001b[31m\"http://localhost:3000/signin\"\u001b[39m",
  "stack": "Error: \u001b[2mexpect(\u001b[22m\u001b[31mreceived\u001b[39m\u001b[2m).\u001b[22mtoContain\u001b[2m(\u001b[22m\u001b[32mexpected\u001b[39m\u001b[2m) // indexOf\u001b[22m\n\nExpected substring: \u001b[32m\"/assessment\"\u001b[39m\nReceived string:    \u001b[31m\"http://localhost:3000/signin\"\u001b[39m\n    at /Users/svvval/Documents/AI-Enable-Cyber-Maturity-Assessment-2/web/e2e/tests/smoke.spec.ts:121:28\n    at TestStepTracker.executeStep (/Users/svvval/Documents/AI-Enable-Cyber-Maturity-Assessment-2/web/e2e/test-utils.ts:87:22)\n    at /Users/svvval/Documents/AI-Enable-Cyber-Maturity-Assessment-2/web/e2e/tests/smoke.spec.ts:107:7"
}
[2025-08-29T01:37:51.838Z] [INFO] Error screenshot captured
{
  "message": "Screenshot saved",
  "sanitizedPath": "error-screenshot-1756431471782.png",
  "timestamp": "2025-08-29T01:37:51.838Z"
}
[2025-08-29T01:37:51.840Z] [INFO] Error HTML captured
{
  "message": "HTML content saved",
  "sanitizedPath": "error-html-1756431471840.html",
  "timestamp": "2025-08-29T01:37:51.840Z"
}
[2025-08-29T01:37:51.842Z] [INFO] Console logs at error
{
  "logs": "No logs available"
}
[2025-08-29T01:37:51.843Z] [INFO] Page state at error
{
  "url": "http://localhost:3000/signin",
  "title": "AI Maturity Tool"
}
[2025-08-29T01:37:51.844Z] [ERROR] CSF grid smoke test failed
{
  "error": "\u001b[2mexpect(\u001b[22m\u001b[31mreceived\u001b[39m\u001b[2m).\u001b[22mtoContain\u001b[2m(\u001b[22m\u001b[32mexpected\u001b[39m\u001b[2m) // indexOf\u001b[22m\n\nExpected substring: \u001b[32m\"/assessment\"\u001b[39m\nReceived string:    \u001b[31m\"http://localhost:3000/signin\"\u001b[39m"
}

[[ATTACHMENT|smoke-Smoke-Tests-CSF-grid-page-loads-without-errors-chromium/test-failed-1.png]]

[[ATTACHMENT|smoke-Smoke-Tests-CSF-grid-page-loads-without-errors-chromium/video.webm]]

[[ATTACHMENT|smoke-Smoke-Tests-CSF-grid-page-loads-without-errors-chromium/error-context.md]]
]]>
</system-out>
</testcase>
<testcase name="Smoke Tests › responsive design works" classname="smoke.spec.ts" time="11.059">
<failure message="smoke.spec.ts:146:7 responsive design works" type="FAILURE">
<![CDATA[  [chromium] › smoke.spec.ts:146:7 › Smoke Tests › responsive design works › Test desktop viewport ─

    Error: Timed out 10000ms waiting for expect(locator).toBeVisible()

    Locator: locator('main, [role="main"], .main-content')
    Expected: visible
    Received: <element(s) not found>
    Call log:
      - Expect "toBeVisible" with timeout 10000ms
      - waiting for locator('main, [role="main"], .main-content')


      150 |       
      151 |       // Main content should be visible
    > 152 |       await expect(page.locator('main, [role="main"], .main-content')).toBeVisible();
          |                                                                        ^
      153 |     });
      154 |     
      155 |     await test.step('Test mobile viewport', async () => {
        at /Users/svvval/Documents/AI-Enable-Cyber-Maturity-Assessment-2/web/e2e/tests/smoke.spec.ts:152:72
        at /Users/svvval/Documents/AI-Enable-Cyber-Maturity-Assessment-2/web/e2e/tests/smoke.spec.ts:147:5

    attachment #1: screenshot (image/png) ──────────────────────────────────────────────────────────
    ../test-results/smoke-Smoke-Tests-responsive-design-works-chromium/test-failed-1.png
    ────────────────────────────────────────────────────────────────────────────────────────────────

    attachment #2: video (video/webm) ──────────────────────────────────────────────────────────────
    ../test-results/smoke-Smoke-Tests-responsive-design-works-chromium/video.webm
    ────────────────────────────────────────────────────────────────────────────────────────────────

    Error Context: ../test-results/smoke-Smoke-Tests-responsive-design-works-chromium/error-context.md
]]>
</failure>
<system-out>
<![CDATA[
[[ATTACHMENT|smoke-Smoke-Tests-responsive-design-works-chromium/test-failed-1.png]]

[[ATTACHMENT|smoke-Smoke-Tests-responsive-design-works-chromium/video.webm]]

[[ATTACHMENT|smoke-Smoke-Tests-responsive-design-works-chromium/error-context.md]]
]]>
</system-out>
</testcase>
<testcase name="Smoke Tests › error pages handle gracefully" classname="smoke.spec.ts" time="0.461">
</testcase>
<testcase name="Performance Tests › page load time is acceptable" classname="smoke.spec.ts" time="0.962">
<system-out>
<![CDATA[Page load time: 907ms
]]>
</system-out>
</testcase>
<testcase name="Performance Tests › no console errors on main pages" classname="smoke.spec.ts" time="5.779">
</testcase>
</testsuite>
<testsuite name="smoke.spec.ts" timestamp="2025-08-29T01:37:49.172Z" hostname="Mobile Chrome" tests="9" failures="2" skipped="1" time="23.288" errors="0">
<testcase name="Smoke Tests › homepage loads successfully" classname="smoke.spec.ts" time="1.007">
<properties>
<property name="info" value="Starting homepage load test">
</property>
<property name="info" value="Starting step: Navigate to homepage">
</property>
<property name="info" value="Page load time for / - {&quot;loadTime&quot;:858}">
</property>
<property name="info" value="Step completed: Navigate to homepage - {&quot;duration&quot;:876}">
</property>
<property name="info" value="Starting step: Verify main navigation elements">
</property>
<property name="info" value="Step completed: Verify main navigation elements - {&quot;duration&quot;:6}">
</property>
<property name="info" value="Homepage test completed successfully - {&quot;total&quot;:2,&quot;passed&quot;:2,&quot;failed&quot;:0,&quot;totalDuration&quot;:882,&quot;steps&quot;:[{&quot;name&quot;:&quot;Navigate to homepage&quot;,&quot;status&quot;:&quot;passed&quot;,&quot;duration&quot;:876},{&quot;name&quot;:&quot;Verify main navigation elements&quot;,&quot;status&quot;:&quot;passed&quot;,&quot;duration&quot;:6}]}">
</property>
</properties>
<system-out>
<![CDATA[[2025-08-29T01:37:52.290Z] [INFO] Starting homepage load test
[2025-08-29T01:37:52.290Z] [INFO] Starting step: Navigate to homepage
[2025-08-29T01:37:53.149Z] [INFO] Page load time for /
{
  "loadTime": 858
}
[2025-08-29T01:37:53.167Z] [INFO] Step completed: Navigate to homepage
{
  "duration": 876
}
[2025-08-29T01:37:53.167Z] [INFO] Starting step: Verify main navigation elements
[2025-08-29T01:37:53.173Z] [INFO] Step completed: Verify main navigation elements
{
  "duration": 6
}
[2025-08-29T01:37:53.173Z] [INFO] Homepage test completed successfully
{
  "total": 2,
  "passed": 2,
  "failed": 0,
  "totalDuration": 882,
  "steps": [
    {
      "name": "Navigate to homepage",
      "status": "passed",
      "duration": 876
    },
    {
      "name": "Verify main navigation elements",
      "status": "passed",
      "duration": 6
    }
  ]
}
]]>
</system-out>
</testcase>
<testcase name="Smoke Tests › authentication page is accessible" classname="smoke.spec.ts" time="2.898">
</testcase>
<testcase name="Smoke Tests › API health endpoint responds" classname="smoke.spec.ts" time="0.008">
<properties>
<property name="skip" value="API_BASE_URL not configured">
</property>
</properties>
<skipped>
</skipped>
</testcase>
<testcase name="Smoke Tests › static assets load correctly" classname="smoke.spec.ts" time="0.869">
</testcase>
<testcase name="Smoke Tests › CSF grid page loads without errors" classname="smoke.spec.ts" time="1.003">
<properties>
[...]
</properties>
<failure message="smoke.spec.ts:100:7 CSF grid page loads without errors" type="FAILURE">
<![CDATA[  [Mobile Chrome] › smoke.spec.ts:100:7 › Smoke Tests › CSF grid page loads without errors ─────────

    Error: expect(received).toContain(expected) // indexOf

    Expected substring: "/assessment"
    Received string:    "http://localhost:3000/signin"

      119 |         
      120 |         // Should not result in 404 or server error
    > 121 |         expect(page.url()).toContain('/assessment');
          |                            ^
      122 |       });
      123 |       
      124 |       await stepTracker.executeStep('Verify CSF grid renders', async () => {
        at /Users/svvval/Documents/AI-Enable-Cyber-Maturity-Assessment-2/web/e2e/tests/smoke.spec.ts:121:28
        at TestStepTracker.executeStep (/Users/svvval/Documents/AI-Enable-Cyber-Maturity-Assessment-2/web/e2e/test-utils.ts:87:22)
        at /Users/svvval/Documents/AI-Enable-Cyber-Maturity-Assessment-2/web/e2e/tests/smoke.spec.ts:107:7

    attachment #1: screenshot (image/png) ──────────────────────────────────────────────────────────
    ../test-results/smoke-Smoke-Tests-CSF-grid-page-loads-without-errors-Mobile-Chrome/test-failed-1.png
    ────────────────────────────────────────────────────────────────────────────────────────────────

    attachment #2: video (video/webm) ──────────────────────────────────────────────────────────────
    ../test-results/smoke-Smoke-Tests-CSF-grid-page-loads-without-errors-Mobile-Chrome/video.webm
    ────────────────────────────────────────────────────────────────────────────────────────────────

    Error Context: ../test-results/smoke-Smoke-Tests-CSF-grid-page-loads-without-errors-Mobile-Chrome/error-context.md
]]>
</failure>
<system-out>
<![CDATA[[2025-08-29T01:37:53.665Z] [INFO] Testing CSF grid page basic functionality
[2025-08-29T01:37:53.666Z] [INFO] Starting step: Navigate to CSF assessment page
[2025-08-29T01:37:54.480Z] [ERROR] Step failed: Navigate to CSF assessment page
{
  "duration": 814,
  "error": "\u001b[2mexpect(\u001b[22m\u001b[31mreceived\u001b[39m\u001b[2m).\u001b[22mtoContain\u001b[2m(\u001b[22m\u001b[32mexpected\u001b[39m\u001b[2m) // indexOf\u001b[22m\n\nExpected substring: \u001b[32m\"/assessment\"\u001b[39m\nReceived string:    \u001b[31m\"http://localhost:3000/signin\"\u001b[39m"
}
[2025-08-29T01:37:54.480Z] [ERROR] Capturing error context
{
  "error": "\u001b[2mexpect(\u001b[22m\u001b[31mreceived\u001b[39m\u001b[2m).\u001b[22mtoContain\u001b[2m(\u001b[22m\u001b[32mexpected\u001b[39m\u001b[2m) // indexOf\u001b[22m\n\nExpected substring: \u001b[32m\"/assessment\"\u001b[39m\nReceived string:    \u001b[31m\"http://localhost:3000/signin\"\u001b[39m",
  "stack": "Error: \u001b[2mexpect(\u001b[22m\u001b[31mreceived\u001b[39m\u001b[2m).\u001b[22mtoContain\u001b[2m(\u001b[22m\u001b[32mexpected\u001b[39m\u001b[2m) // indexOf\u001b[22m\n\nExpected substring: \u001b[32m\"/assessment\"\u001b[39m\nReceived string:    \u001b[31m\"http://localhost:3000/signin\"\u001b[39m\n    at /Users/svvval/Documents/AI-Enable-Cyber-Maturity-Assessment-2/web/e2e/tests/smoke.spec.ts:121:28\n    at TestStepTracker.executeStep (/Users/svvval/Documents/AI-Enable-Cyber-Maturity-Assessment-2/web/e2e/test-utils.ts:87:22)\n    at /Users/svvval/Documents/AI-Enable-Cyber-Maturity-Assessment-2/web/e2e/tests/smoke.spec.ts:107:7"
}
[2025-08-29T01:37:54.554Z] [INFO] Error screenshot captured
{
  "message": "Screenshot saved",
  "sanitizedPath": "error-screenshot-1756431474480.png",
  "timestamp": "2025-08-29T01:37:54.554Z"
}
[2025-08-29T01:37:54.555Z] [INFO] Error HTML captured
{
  "message": "HTML content saved",
  "sanitizedPath": "error-html-1756431474555.html",
  "timestamp": "2025-08-29T01:37:54.555Z"
}
[2025-08-29T01:37:54.557Z] [INFO] Console logs at error
{
  "logs": "No logs available"
}
[2025-08-29T01:37:54.557Z] [INFO] Page state at error
{
  "url": "http://localhost:3000/signin",
  "title": "AI Maturity Tool"
}
[2025-08-29T01:37:54.557Z] [ERROR] CSF grid smoke test failed
{
  "error": "\u001b[2mexpect(\u001b[22m\u001b[31mreceived\u001b[39m\u001b[2m).\u001b[22mtoContain\u001b[2m(\u001b[22m\u001b[32mexpected\u001b[39m\u001b[2m) // indexOf\u001b[22m\n\nExpected substring: \u001b[32m\"/assessment\"\u001b[39m\nReceived string:    \u001b[31m\"http://localhost:3000/signin\"\u001b[39m"
}

[[ATTACHMENT|smoke-Smoke-Tests-CSF-grid-page-loads-without-errors-Mobile-Chrome/test-failed-1.png]]

[[ATTACHMENT|smoke-Smoke-Tests-CSF-grid-page-loads-without-errors-Mobile-Chrome/video.webm]]

[[ATTACHMENT|smoke-Smoke-Tests-CSF-grid-page-loads-without-errors-Mobile-Chrome/error-context.md]]
]]>
</system-out>
</testcase>
<testcase name="Smoke Tests › responsive design works" classname="smoke.spec.ts" time="10.464">
<failure message="smoke.spec.ts:146:7 responsive design works" type="FAILURE">
<![CDATA[  [Mobile Chrome] › smoke.spec.ts:146:7 › Smoke Tests › responsive design works › Test desktop viewport 

    Error: Timed out 10000ms waiting for expect(locator).toBeVisible()

    Locator: locator('main, [role="main"], .main-content')
    Expected: visible
    Received: <element(s) not found>
    Call log:
      - Expect "toBeVisible" with timeout 10000ms
      - waiting for locator('main, [role="main"], .main-content')


      150 |       
      151 |       // Main content should be visible
    > 152 |       await expect(page.locator('main, [role="main"], .main-content')).toBeVisible();
          |                                                                        ^
      153 |     });
      154 |     
      155 |     await test.step('Test mobile viewport', async () => {
        at /Users/svvval/Documents/AI-Enable-Cyber-Maturity-Assessment-2/web/e2e/tests/smoke.spec.ts:152:72
        at /Users/svvval/Documents/AI-Enable-Cyber-Maturity-Assessment-2/web/e2e/tests/smoke.spec.ts:147:5

    attachment #1: screenshot (image/png) ──────────────────────────────────────────────────────────
    ../test-results/smoke-Smoke-Tests-responsive-design-works-Mobile-Chrome/test-failed-1.png
    ────────────────────────────────────────────────────────────────────────────────────────────────

    attachment #2: video (video/webm) ──────────────────────────────────────────────────────────────
    ../test-results/smoke-Smoke-Tests-responsive-design-works-Mobile-Chrome/video.webm
    ────────────────────────────────────────────────────────────────────────────────────────────────

    Error Context: ../test-results/smoke-Smoke-Tests-responsive-design-works-Mobile-Chrome/error-context.md
]]>
</failure>
<system-out>
<![CDATA[
[[ATTACHMENT|smoke-Smoke-Tests-responsive-design-works-Mobile-Chrome/test-failed-1.png]]

[[ATTACHMENT|smoke-Smoke-Tests-responsive-design-works-Mobile-Chrome/video.webm]]

[[ATTACHMENT|smoke-Smoke-Tests-responsive-design-works-Mobile-Chrome/error-context.md]]
]]>
</system-out>
</testcase>
<testcase name="Smoke Tests › error pages handle gracefully" classname="smoke.spec.ts" time="0.319">
</testcase>
<testcase name="Performance Tests › page load time is acceptable" classname="smoke.spec.ts" time="1.212">
<system-out>
<![CDATA[Page load time: 1118ms
]]>
</system-out>
</testcase>
<testcase name="Performance Tests › no console errors on main pages" classname="smoke.spec.ts" time="5.508">
</testcase>
</testsuite>
<testsuite name="smoke.spec.ts" timestamp="2025-08-29T01:37:49.172Z" hostname="firefox" tests="9" failures="2" skipped="1" time="25.462" errors="0">
<testcase name="Smoke Tests › homepage loads successfully" classname="smoke.spec.ts" time="1.443">
<properties>
<property name="info" value="Starting homepage load test">
</property>
<property name="info" value="Starting step: Navigate to homepage">
</property>
<property name="info" value="Page load time for / - {&quot;loadTime&quot;:854}">
</property>
<property name="info" value="Step completed: Navigate to homepage - {&quot;duration&quot;:871}">
</property>
<property name="info" value="Starting step: Verify main navigation elements">
</property>
<property name="info" value="Step completed: Verify main navigation elements - {&quot;duration&quot;:4}">
</property>
<property name="info" value="Homepage test completed successfully - {&quot;total&quot;:2,&quot;passed&quot;:2,&quot;failed&quot;:0,&quot;totalDuration&quot;:875,&quot;steps&quot;:[{&quot;name&quot;:&quot;Navigate to homepage&quot;,&quot;status&quot;:&quot;passed&quot;,&quot;duration&quot;:871},{&quot;name&quot;:&quot;Verify main navigation elements&quot;,&quot;status&quot;:&quot;passed&quot;,&quot;duration&quot;:4}]}">
</property>
</properties>
<system-out>
<![CDATA[[2025-08-29T01:37:57.812Z] [INFO] Starting homepage load test
[2025-08-29T01:37:57.813Z] [INFO] Starting step: Navigate to homepage
[2025-08-29T01:37:58.668Z] [INFO] Page load time for /
{
  "loadTime": 854
}
[2025-08-29T01:37:58.684Z] [INFO] Step completed: Navigate to homepage
{
  "duration": 871
}
[2025-08-29T01:37:58.684Z] [INFO] Starting step: Verify main navigation elements
[2025-08-29T01:37:58.689Z] [INFO] Step completed: Verify main navigation elements
{
  "duration": 4
}
[2025-08-29T01:37:58.690Z] [INFO] Homepage test completed successfully
{
  "total": 2,
  "passed": 2,
  "failed": 0,
  "totalDuration": 875,
  "steps": [
    {
      "name": "Navigate to homepage",
      "status": "passed",
      "duration": 871
    },
    {
      "name": "Verify main navigation elements",
      "status": "passed",
      "duration": 4
    }
  ]
}
]]>
</system-out>
</testcase>
<testcase name="Smoke Tests › authentication page is accessible" classname="smoke.spec.ts" time="3.251">
</testcase>
<testcase name="Smoke Tests › API health endpoint responds" classname="smoke.spec.ts" time="0.005">
<properties>
<property name="skip" value="API_BASE_URL not configured">
</property>
</properties>
<skipped>
</skipped>
</testcase>
<testcase name="Smoke Tests › static assets load correctly" classname="smoke.spec.ts" time="0.913">
</testcase>
<testcase name="Smoke Tests › CSF grid page loads without errors" classname="smoke.spec.ts" time="0.968">
<properties>
[...]
</properties>
<failure message="smoke.spec.ts:100:7 CSF grid page loads without errors" type="FAILURE">
<![CDATA[  [firefox] › smoke.spec.ts:100:7 › Smoke Tests › CSF grid page loads without errors ───────────────

    Error: expect(received).toContain(expected) // indexOf

    Expected substring: "/assessment"
    Received string:    "http://localhost:3000/signin"

      119 |         
      120 |         // Should not result in 404 or server error
    > 121 |         expect(page.url()).toContain('/assessment');
          |                            ^
      122 |       });
      123 |       
      124 |       await stepTracker.executeStep('Verify CSF grid renders', async () => {
        at /Users/svvval/Documents/AI-Enable-Cyber-Maturity-Assessment-2/web/e2e/tests/smoke.spec.ts:121:28
        at TestStepTracker.executeStep (/Users/svvval/Documents/AI-Enable-Cyber-Maturity-Assessment-2/web/e2e/test-utils.ts:87:22)
        at /Users/svvval/Documents/AI-Enable-Cyber-Maturity-Assessment-2/web/e2e/tests/smoke.spec.ts:107:7

    attachment #1: screenshot (image/png) ──────────────────────────────────────────────────────────
    ../test-results/smoke-Smoke-Tests-CSF-grid-page-loads-without-errors-firefox/test-failed-1.png
    ────────────────────────────────────────────────────────────────────────────────────────────────

    attachment #2: video (video/webm) ──────────────────────────────────────────────────────────────
    ../test-results/smoke-Smoke-Tests-CSF-grid-page-loads-without-errors-firefox/video.webm
    ────────────────────────────────────────────────────────────────────────────────────────────────

    Error Context: ../test-results/smoke-Smoke-Tests-CSF-grid-page-loads-without-errors-firefox/error-context.md
]]>
</failure>
<system-out>
<![CDATA[[2025-08-29T01:37:59.774Z] [INFO] Testing CSF grid page basic functionality
[2025-08-29T01:37:59.775Z] [INFO] Starting step: Navigate to CSF assessment page
[2025-08-29T01:38:00.574Z] [ERROR] Step failed: Navigate to CSF assessment page
{
  "duration": 798,
  "error": "\u001b[2mexpect(\u001b[22m\u001b[31mreceived\u001b[39m\u001b[2m).\u001b[22mtoContain\u001b[2m(\u001b[22m\u001b[32mexpected\u001b[39m\u001b[2m) // indexOf\u001b[22m\n\nExpected substring: \u001b[32m\"/assessment\"\u001b[39m\nReceived string:    \u001b[31m\"http://localhost:3000/signin\"\u001b[39m"
}
[2025-08-29T01:38:00.574Z] [ERROR] Capturing error context
{
  "error": "\u001b[2mexpect(\u001b[22m\u001b[31mreceived\u001b[39m\u001b[2m).\u001b[22mtoContain\u001b[2m(\u001b[22m\u001b[32mexpected\u001b[39m\u001b[2m) // indexOf\u001b[22m\n\nExpected substring: \u001b[32m\"/assessment\"\u001b[39m\nReceived string:    \u001b[31m\"http://localhost:3000/signin\"\u001b[39m",
  "stack": "Error: \u001b[2mexpect(\u001b[22m\u001b[31mreceived\u001b[39m\u001b[2m).\u001b[22mtoContain\u001b[2m(\u001b[22m\u001b[32mexpected\u001b[39m\u001b[2m) // indexOf\u001b[22m\n\nExpected substring: \u001b[32m\"/assessment\"\u001b[39m\nReceived string:    \u001b[31m\"http://localhost:3000/signin\"\u001b[39m\n    at /Users/svvval/Documents/AI-Enable-Cyber-Maturity-Assessment-2/web/e2e/tests/smoke.spec.ts:121:28\n    at TestStepTracker.executeStep (/Users/svvval/Documents/AI-Enable-Cyber-Maturity-Assessment-2/web/e2e/test-utils.ts:87:22)\n    at /Users/svvval/Documents/AI-Enable-Cyber-Maturity-Assessment-2/web/e2e/tests/smoke.spec.ts:107:7"
}
[2025-08-29T01:38:00.604Z] [INFO] Error screenshot captured
{
  "message": "Screenshot saved",
  "sanitizedPath": "error-screenshot-1756431480574.png",
  "timestamp": "2025-08-29T01:38:00.604Z"
}
[2025-08-29T01:38:00.605Z] [INFO] Error HTML captured
{
  "message": "HTML content saved",
  "sanitizedPath": "error-html-1756431480605.html",
  "timestamp": "2025-08-29T01:38:00.605Z"
}
[2025-08-29T01:38:00.607Z] [INFO] Console logs at error
{
  "logs": "No logs available"
}
[2025-08-29T01:38:00.608Z] [INFO] Page state at error
{
  "url": "http://localhost:3000/signin",
  "title": "AI Maturity Tool"
}
[2025-08-29T01:38:00.609Z] [ERROR] CSF grid smoke test failed
{
  "error": "\u001b[2mexpect(\u001b[22m\u001b[31mreceived\u001b[39m\u001b[2m).\u001b[22mtoContain\u001b[2m(\u001b[22m\u001b[32mexpected\u001b[39m\u001b[2m) // indexOf\u001b[22m\n\nExpected substring: \u001b[32m\"/assessment\"\u001b[39m\nReceived string:    \u001b[31m\"http://localhost:3000/signin\"\u001b[39m"
}

[[ATTACHMENT|smoke-Smoke-Tests-CSF-grid-page-loads-without-errors-firefox/test-failed-1.png]]

[[ATTACHMENT|smoke-Smoke-Tests-CSF-grid-page-loads-without-errors-firefox/video.webm]]

[[ATTACHMENT|smoke-Smoke-Tests-CSF-grid-page-loads-without-errors-firefox/error-context.md]]
]]>
</system-out>
</testcase>
<testcase name="Smoke Tests › responsive design works" classname="smoke.spec.ts" time="10.932">
<failure message="smoke.spec.ts:146:7 responsive design works" type="FAILURE">
<![CDATA[  [firefox] › smoke.spec.ts:146:7 › Smoke Tests › responsive design works › Test desktop viewport ──

    Error: Timed out 10000ms waiting for expect(locator).toBeVisible()

    Locator: locator('main, [role="main"], .main-content')
    Expected: visible
    Received: <element(s) not found>
    Call log:
      - Expect "toBeVisible" with timeout 10000ms
      - waiting for locator('main, [role="main"], .main-content')


      150 |       
      151 |       // Main content should be visible
    > 152 |       await expect(page.locator('main, [role="main"], .main-content')).toBeVisible();
          |                                                                        ^
      153 |     });
      154 |     
      155 |     await test.step('Test mobile viewport', async () => {
        at /Users/svvval/Documents/AI-Enable-Cyber-Maturity-Assessment-2/web/e2e/tests/smoke.spec.ts:152:72
        at /Users/svvval/Documents/AI-Enable-Cyber-Maturity-Assessment-2/web/e2e/tests/smoke.spec.ts:147:5

    attachment #1: screenshot (image/png) ──────────────────────────────────────────────────────────
    ../test-results/smoke-Smoke-Tests-responsive-design-works-firefox/test-failed-1.png
    ────────────────────────────────────────────────────────────────────────────────────────────────

    attachment #2: video (video/webm) ──────────────────────────────────────────────────────────────
    ../test-results/smoke-Smoke-Tests-responsive-design-works-firefox/video.webm
    ────────────────────────────────────────────────────────────────────────────────────────────────

    Error Context: ../test-results/smoke-Smoke-Tests-responsive-design-works-firefox/error-context.md
]]>
</failure>
<system-out>
<![CDATA[
[[ATTACHMENT|smoke-Smoke-Tests-responsive-design-works-firefox/test-failed-1.png]]

[[ATTACHMENT|smoke-Smoke-Tests-responsive-design-works-firefox/video.webm]]

[[ATTACHMENT|smoke-Smoke-Tests-responsive-design-works-firefox/error-context.md]]
]]>
</system-out>
</testcase>
<testcase name="Smoke Tests › error pages handle gracefully" classname="smoke.spec.ts" time="0.996">
</testcase>
<testcase name="Performance Tests › page load time is acceptable" classname="smoke.spec.ts" time="1.433">
<system-out>
<![CDATA[Page load time: 826ms
]]>
</system-out>
</testcase>
<testcase name="Performance Tests › no console errors on main pages" classname="smoke.spec.ts" time="5.521">
</testcase>
</testsuite>
</testsuites>